Board: ZCU104
Serial Number: 0000-0000
Mac Address: 01:02:03:04:05:06


Info: SD BOOT and UART test started...

Info: The test will take 0 hours, 00 minutes, and 01 seconds. 0:00:01

Entering step: 0


Info: This step started at: 2017-10-10 13:50:18

step finished 
Exception in thread :
Traceback (most recent call last):
  File "threading.py", line 801, in __bootstrap_inner
  File "com.py", line 156, in run
UnboundLocalError: local variable 'expression' referenced before assignment


Error: 'comm' type in step 0 never found a serial port to connect to in test 0

Entering step: 1


Info: This step started at: 2017-10-10 13:50:18

Error: Stopped because step 0 failed in test 0

Info: Result for step 0: Fail
Info: The test took 0 hours, 00 minutes, and 00 seconds. 0:00:00

Info: SD BOOT and UART test started...

Info: The test will take 0 hours, 00 minutes, and 01 seconds. 0:00:01

Entering step: 0


Info: This step started at: 2017-10-10 13:50:21

step finished 
Exception in thread :
Traceback (most recent call last):
  File "threading.py", line 801, in __bootstrap_inner
  File "com.py", line 156, in run
UnboundLocalError: local variable 'expression' referenced before assignment


Error: 'comm' type in step 0 never found a serial port to connect to in test 0

Entering step: 1


Info: This step started at: 2017-10-10 13:50:21

Error: Stopped because step 0 failed in test 0

Info: Result for step 0: Fail
Info: The test took 0 hours, 00 minutes, and 00 seconds. 0:00:00

Info: FTDI UART flashing test started...

Info: The test will take 0 hours, 00 minutes, and 03 seconds. 0:00:03

Entering step: 0


Info: This step started at: 2017-10-10 13:50:41
Location   Description                    SerialNumber        
0          Xilinx MPSoC ZCU104 Eval Kit B 1280961B036B        
0
step finished 

Error: Could not find regular expression in step 0 of test 2 - "(.*)program_eeprom\s\d+\sopenjtag3\s\w+"

Info: Result for step 0: Fail

Info: The test took 0 hours, 00 minutes, and 04 seconds. 0:00:04

Info: SD BOOT and UART test started...

Info: The test will take 0 hours, 00 minutes, and 01 seconds. 0:00:01

Entering step: 0


Info: This step started at: 2017-10-10 13:50:56

step finished 
Exception in thread :
Traceback (most recent call last):
  File "threading.py", line 801, in __bootstrap_inner
  File "com.py", line 156, in run
UnboundLocalError: local variable 'expression' referenced before assignment


Error: 'comm' type in step 0 never found a serial port to connect to in test 0

Entering step: 1


Info: This step started at: 2017-10-10 13:50:56

Error: Stopped because step 0 failed in test 0

Info: Result for step 0: Fail
Info: The test took 0 hours, 00 minutes, and 00 seconds. 0:00:00
