Board: ZCU111
Serial Number: 0000-0000
Mac Address: 01:02:03:04:05:06


Info: PS DDR4 test started...

Info: The test will take 0 hours, 00 minutes, and 41 seconds. 0:00:41

Entering step: 0


Info: This step started at: 2018-02-09 09:47:10

step finished 
Exception in thread :
Traceback (most recent call last):
  File "threading.py", line 801, in __bootstrap_inner
  File "com.py", line 156, in run
UnboundLocalError: local variable 'expression' referenced before assignment


Error: 'comm' type in step 0 never found a serial port to connect to in test 9

Entering step: 1


Info: This step started at: 2018-02-09 09:47:10

Error: Stopped because step 0 failed in test 9

Info: Result for step 0: Fail
Info: The test took 0 hours, 00 minutes, and 00 seconds. 0:00:00

Info: PS DDR4 test started...

Info: The test will take 0 hours, 00 minutes, and 41 seconds. 0:00:41

Entering step: 0


Info: This step started at: 2018-02-09 09:47:22

step finished 
Exception in thread :
Traceback (most recent call last):
  File "threading.py", line 801, in __bootstrap_inner
  File "com.py", line 156, in run
UnboundLocalError: local variable 'expression' referenced before assignment


Error: 'comm' type in step 0 never found a serial port to connect to in test 9

Entering step: 1


Info: This step started at: 2018-02-09 09:47:22

Error: Stopped because step 0 failed in test 9

Info: Result for step 0: Fail
Info: The test took 0 hours, 00 minutes, and 00 seconds. 0:00:00
