Board: ZCU111_PROD
Serial Number: 0000-0000
Mac Address: 01:02:03:04:05:06


Info: ZCU111 IDCODE Check test started...

Info: The test will take 0 hours, 00 minutes, and 48 seconds. 0:00:48

Entering step: 0


Info: This step started at: 2019-01-22 09:10:37

User has confirmed: "Set mode switch SW6 to "0000" (Up,Up,Up,Up)"

step finished 

Entering step: 1


Info: This step started at: 2019-01-22 09:10:40

****** Vivado v2018.3 (64-bit)
  **** SW Build 2405991 on Thu Dec  6 23:38:27 MST 2018
  **** IP Build 2404404 on Fri Dec  7 01:43:56 MST 2018
    ** Copyright 1986-2018 Xilinx, Inc. All Rights Reserved.

source {tcl\five_second_delay.tcl}
# after 5000
INFO: [Common 17-206] Exiting Vivado at Tue Jan 22 09:10:49 2019...
step finished 

Entering step: 2


Info: This step started at: 2019-01-22 09:10:49

****** Vivado v2018.3 (64-bit)
  **** SW Build 2405991 on Thu Dec  6 23:38:27 MST 2018
  **** IP Build 2404404 on Fri Dec  7 01:43:56 MST 2018
    ** Copyright 1986-2018 Xilinx, Inc. All Rights Reserved.

source {tcl\zcu111_rev_b_idcode_check.tcl}
# open_hw
WARNING: [Board 49-69] Validation failed for board file C:/Xilinx/Vivado/2018.3/data/boards/board_files/vcu128/1.0/board.xml:
 Polarity Parameter not provided for dummy_port_in

# connect_hw_server -url localhost:3121
INFO: [Labtools 27-2285] Connecting to hw_server url TCP:localhost:3121
INFO: [Labtools 27-2222] Launching hw_server...
INFO: [Labtools 27-2221] Launch Output:

****** Xilinx hw_server v2018.3
  **** Build date : Dec  7 2018-00:40:27
    ** Copyright 1986-2018 Xilinx, Inc. All Rights Reserved.


connect_hw_server: Time (s): cpu = 00:00:00 ; elapsed = 00:00:16 . Memory (MB): peak = 330.691 ; gain = 3.246
# current_hw_target [get_hw_targets */xilinx_tcf/*/*]
# set_property PARAM.FREQUENCY 15000000 [get_hw_targets */xilinx_tcf/*/*]
# open_hw_target
INFO: [Labtoolstcl 44-466] Opening hw_target localhost:3121/xilinx_tcf/Xilinx/1280976B113A
# current_hw_device [lindex [get_hw_devices] 0]
# refresh_hw_device -update_hw_probes false [lindex [get_hw_devices] 0]
INFO: [Labtools 27-1435] Device xczu28dr (JTAG device index = 0) is not programmed (DONE status = 0).
# set IDCODE [get_property IDCODE_HEX [lindex [get_hw_device] 0]]
# puts $IDCODE
147E0093
# if { $IDCODE == "147E0093"} {
#    puts "IDCODE check PASSED"
# } else {
#    puts "IDCODE check FAILED" 
# }
IDCODE check PASSED
# close_hw_target [current_hw_target [get_hw_targets */xilinx_tcf/*/*]]
INFO: [Labtoolstcl 44-464] Closing hw_target localhost:3121/xilinx_tcf/Xilinx/1280976B113A
# disconnect_hw_server localhost:3121
# close_hw
INFO: [Common 17-206] Exiting Vivado at Tue Jan 22 09:11:16 2019...
step finished 

Info: Result for step 0: Pass
Info: Result for step 1: Pass
Info: Result for step 2: Pass

Info: The test took 0 hours, 00 minutes, and 36 seconds. 0:00:36

Info: Run All button pressed, running through all of the checked tests 1 time.

Info: The runall will take 0 hours, 45 minutes, and 39 seconds. 0:45:39

Info: XM107 CARD TEST test started...

Info: The test will take 0 hours, 00 minutes, and 36 seconds. 0:00:36

Entering step: 0


Info: This step started at: 2019-01-22 09:11:27

step finished 
Exception in thread :
Traceback (most recent call last):
  File "threading.py", line 801, in __bootstrap_inner
  File "com.py", line 156, in run
UnboundLocalError: local variable 'expression' referenced before assignment


Error: 'comm' type in step 0 never found a serial port to connect to in test 2

Entering step: 1


Info: This step started at: 2019-01-22 09:11:27

Error: Stopped because step 0 failed in test 2

Info: Result for step 0: Fail
Info: The test took 0 hours, 00 minutes, and 00 seconds. 0:00:00

Info: ZCU111 EFUSE test started...

Info: The test will take 0 hours, 01 minutes, and 04 seconds. 0:01:04

Entering step: 0


Info: This step started at: 2019-01-22 09:11:27

****** Vivado v2018.3 (64-bit)
  **** SW Build 2405991 on Thu Dec  6 23:38:27 MST 2018
  **** IP Build 2404404 on Fri Dec  7 01:43:56 MST 2018
    ** Copyright 1986-2018 Xilinx, Inc. All Rights Reserved.

source {tcl\five_second_delay.tcl}
# after 5000

Stopping all tests...

Error: Step 0 timed out in test number 3

Info: Result for step 0: Pass
Info: The test took 0 hours, 00 minutes, and 08 seconds. 0:00:08

Info: XM107 CARD TEST test started...

Info: The test will take 0 hours, 00 minutes, and 36 seconds. 0:00:36

Entering step: 0


Info: This step started at: 2019-01-22 09:11:38

step finished 
Exception in thread :
Traceback (most recent call last):
  File "threading.py", line 801, in __bootstrap_inner
  File "com.py", line 156, in run
UnboundLocalError: local variable 'expression' referenced before assignment


Error: 'comm' type in step 0 never found a serial port to connect to in test 2

Entering step: 1


Info: This step started at: 2019-01-22 09:11:38

Error: Stopped because step 0 failed in test 2

Info: Result for step 0: Fail
Info: The test took 0 hours, 00 minutes, and 00 seconds. 0:00:00
