Board: ZCU111
Serial Number: 1280976b004
Mac Address: 01:02:03:04:05:06


Info: XM505 DAC IO test started...

Info: The test will take 0 hours, 01 minutes, and 01 seconds. 0:01:01

Entering step: 0


Info: This step started at: 2018-07-24 17:35:39

step finished 
Exception in thread :
Traceback (most recent call last):
  File "threading.py", line 801, in __bootstrap_inner
  File "com.py", line 156, in run
UnboundLocalError: local variable 'expression' referenced before assignment


Error: 'comm' type in step 0 never found a serial port to connect to in test 15

Entering step: 1


Info: This step started at: 2018-07-24 17:35:39

Error: Stopped because step 0 failed in test 15

Info: Result for step 0: Fail
Info: The test took 0 hours, 00 minutes, and 00 seconds. 0:00:00

Info: XM505 DAC IO test started...

Info: The test will take 0 hours, 01 minutes, and 01 seconds. 0:01:01

Entering step: 0


Info: This step started at: 2018-07-24 17:36:35

step finished 
Exception in thread :
Traceback (most recent call last):
  File "threading.py", line 801, in __bootstrap_inner
  File "com.py", line 156, in run
UnboundLocalError: local variable 'expression' referenced before assignment


Error: 'comm' type in step 0 never found a serial port to connect to in test 15

Entering step: 1


Info: This step started at: 2018-07-24 17:36:35

Error: Stopped because step 0 failed in test 15

Info: Result for step 0: Fail
Info: The test took 0 hours, 00 minutes, and 00 seconds. 0:00:00

Info: XM505 DAC IO test started...

Info: The test will take 0 hours, 01 minutes, and 01 seconds. 0:01:01

Entering step: 0


Info: This step started at: 2018-07-24 17:36:36

step finished 
Exception in thread :
Traceback (most recent call last):
  File "threading.py", line 801, in __bootstrap_inner
  File "com.py", line 156, in run
UnboundLocalError: local variable 'expression' referenced before assignment


Error: 'comm' type in step 0 never found a serial port to connect to in test 15

Entering step: 1


Info: This step started at: 2018-07-24 17:36:36

Error: Stopped because step 0 failed in test 15

Info: Result for step 0: Fail
Info: The test took 0 hours, 00 minutes, and 00 seconds. 0:00:00
